{
  "id": "3713a0c9-2a44-da59-ef1d-c7bfff1fc574",
  "version": 15,
  "testBatches": [
    {
      "id": "0",
      "title": "Default Test Batch",
      "tests": [],
      "exceptionHandlers": []
    }
  ],
  "folders": {
    "id": "ROOT_TREE_NODE_ID",
    "title": "All tests",
    "expanded": true,
    "children": [
      {
        "id": "default-node",
        "title": "Recorded tests",
        "expanded": true,
        "children": []
      }
    ]
  },
  "schedules": [],
  "advancedConfig": "",
  "tags": []
}